<?xml version="1.0" encoding="UTF-8"?>
<!-- Generated by org.testng.reporters.JUnitReportReporter -->
<testsuite hostname="DESKTOP-FEV99MM" failures="0" tests="1" name="com.tutorialninja.qa.testcases.SearchTest" time="36.836" errors="0" timestamp="2023-05-05T14:39:16 PKT" skipped="0">
  <testcase classname="com.tutorialninja.qa.testcases.SearchTest" name="searchempty" time="36.836"/>
  <system-out/>
</testsuite> <!-- com.tutorialninja.qa.testcases.SearchTest -->
