<?xml version="1.0" encoding="UTF-8"?>
<!-- Generated by org.testng.reporters.JUnitReportReporter -->
<testsuite hostname="DESKTOP-FEV99MM" failures="0" tests="3" name="com.tutorialninja.qa.testcases.SearchTest" time="37.602" errors="0" timestamp="2023-06-08T16:17:28 PKT" skipped="0">
  <testcase classname="com.tutorialninja.qa.testcases.SearchTest" name="searchValid" time="12.589"/>
  <system-out/>
  <testcase classname="com.tutorialninja.qa.testcases.SearchTest" name="searchInvalid" time="12.647"/>
  <system-out/>
  <testcase classname="com.tutorialninja.qa.testcases.SearchTest" name="searchempty" time="12.366"/>
  <system-out/>
</testsuite> <!-- com.tutorialninja.qa.testcases.SearchTest -->
