<?xml version="1.0" encoding="UTF-8"?>
<!-- Generated by org.testng.reporters.JUnitReportReporter -->
<testsuite hostname="DESKTOP-FEV99MM" failures="0" tests="4" name="com.tutorialninja.qa.testcases.RegisterTest" time="79.640" errors="0" timestamp="2023-06-08T16:17:28 PKT" skipped="0">
  <testcase classname="com.tutorialninja.qa.testcases.RegisterTest" name="RegisterWithMandatoryFeilds" time="17.649"/>
  <system-out/>
  <testcase classname="com.tutorialninja.qa.testcases.RegisterTest" name="RegusterWithRadiobutton" time="19.269"/>
  <system-out/>
  <testcase classname="com.tutorialninja.qa.testcases.RegisterTest" name="DuplicateEmail" time="17.177"/>
  <system-out/>
  <testcase classname="com.tutorialninja.qa.testcases.RegisterTest" name="RegisterWithFieldEmpty" time="25.545"/>
  <system-out/>
</testsuite> <!-- com.tutorialninja.qa.testcases.RegisterTest -->
